2019-11-21 10:45:01,456-INFO-=====INFO=====
2019-11-21 10:45:01,456-WARNING-=====WARNING=====
2019-11-21 10:45:01,456-CRITICAL-=====CRITICAL=====
2019-11-21 11:09:07,445-INFO-================测试数据=================
        用例编号：1
        用例名称：正常登录
        测试接口：/member/login
        测试数据：{"mobilephone":"15942123962","pwd":"abc1234"}
2019-11-21 11:09:07,447-INFO-================测试数据=================
        用例编号：2
        用例名称：输入错误的密码
        测试接口：/member/login
        测试数据：{"mobilephone":"15942123962","pwd":"12345678"}
2019-11-21 11:09:07,448-INFO-================测试数据=================
        用例编号：3
        用例名称：不输入密码
        测试接口：/member/login
        测试数据：{"mobilephone":"15942123962","pwd":""}
2019-11-21 11:09:07,449-INFO-================测试数据=================
        用例编号：4
        用例名称：不输入手机号码
        测试接口：/member/login
        测试数据：{"mobilephone":"","pwd":"abc1234"}
2019-11-21 11:21:55,640-INFO-================测试数据=================
        用例编号：1
        用例名称：正常登录
        测试接口：/member/login
        测试数据：{"mobilephone":"15942123962","pwd":"abc1234"}
2019-11-21 11:21:56,141-INFO-================测试数据=================
        用例编号：2
        用例名称：输入错误的密码
        测试接口：/member/login
        测试数据：{"mobilephone":"15942123962","pwd":"12345678"}
2019-11-21 11:21:56,282-INFO-================测试数据=================
        用例编号：3
        用例名称：不输入密码
        测试接口：/member/login
        测试数据：{"mobilephone":"15942123962","pwd":""}
2019-11-21 11:21:56,438-INFO-================测试数据=================
        用例编号：4
        用例名称：不输入手机号码
        测试接口：/member/login
        测试数据：{"mobilephone":"","pwd":"abc1234"}
2019-11-21 11:25:08,362-INFO-================测试数据=================
        用例编号：1
        用例名称：正常登录
        测试接口：/member/login
        测试数据：{"mobilephone":"15942123962","pwd":"abc1234"}
2019-11-21 11:25:08,495-INFO-================测试数据=================
        用例编号：2
        用例名称：输入错误的密码
        测试接口：/member/login
        测试数据：{"mobilephone":"15942123962","pwd":"12345678"}
2019-11-21 11:25:08,613-INFO-================测试数据=================
        用例编号：3
        用例名称：不输入密码
        测试接口：/member/login
        测试数据：{"mobilephone":"15942123962","pwd":""}
2019-11-21 11:25:08,742-INFO-================测试数据=================
        用例编号：4
        用例名称：不输入手机号码
        测试接口：/member/login
        测试数据：{"mobilephone":"","pwd":"abc1234"}
2019-11-21 11:28:44,532-INFO-================测试数据=================
        用例编号：1
        用例名称：正常登录
        测试接口：/member/login
        测试数据：{'mobilephone': '15942123962', 'pwd': 'abc1234'}
2019-11-21 11:28:44,683-INFO-================测试数据=================
        用例编号：2
        用例名称：输入错误的密码
        测试接口：/member/login
        测试数据：{'mobilephone': '15942123962', 'pwd': '12345678'}
2019-11-21 11:28:44,903-INFO-================测试数据=================
        用例编号：3
        用例名称：不输入密码
        测试接口：/member/login
        测试数据：{'mobilephone': '15942123962', 'pwd': ''}
2019-11-21 11:28:45,034-INFO-================测试数据=================
        用例编号：4
        用例名称：不输入手机号码
        测试接口：/member/login
        测试数据：{'mobilephone': '', 'pwd': 'abc1234'}
2019-11-21 11:30:27,836-INFO-================测试数据=================
        用例编号：1
        用例名称：正常登录
        测试接口：/member/login
        测试数据：{'mobilephone': '15942123962', 'pwd': 'abc1234'}
2019-11-21 11:30:27,998-INFO-================测试数据=================
        用例编号：2
        用例名称：输入错误的密码
        测试接口：/member/login
        测试数据：{'mobilephone': '15942123962', 'pwd': '12345678'}
2019-11-21 11:30:28,198-INFO-================测试数据=================
        用例编号：3
        用例名称：不输入密码
        测试接口：/member/login
        测试数据：{'mobilephone': '15942123962', 'pwd': ''}
2019-11-21 11:30:28,313-INFO-================测试数据=================
        用例编号：4
        用例名称：不输入手机号码
        测试接口：/member/login
        测试数据：{'mobilephone': '', 'pwd': 'abc1234'}
2019-11-21 11:31:20,223-INFO-================测试数据=================
        用例编号：1
        用例名称：正常登录
        测试接口：/member/login
        测试数据：{'mobilephone': '15942123962', 'pwd': 'abc1234'}
2019-11-21 11:31:20,342-INFO-================测试数据=================
        用例编号：2
        用例名称：输入错误的密码
        测试接口：/member/login
        测试数据：{'mobilephone': '15942123962', 'pwd': '12345678'}
2019-11-21 11:31:20,528-INFO-================测试数据=================
        用例编号：3
        用例名称：不输入密码
        测试接口：/member/login
        测试数据：{'mobilephone': '15942123962', 'pwd': ''}
2019-11-21 11:31:20,652-INFO-================测试数据=================
        用例编号：4
        用例名称：不输入手机号码
        测试接口：/member/login
        测试数据：{'mobilephone': '', 'pwd': 'abc1234'}
2019-11-21 11:32:19,301-INFO-================测试数据=================
        用例编号：1
        用例名称：正常登录
        测试接口：/member/login
        测试数据：{'mobilephone': '15942123962', 'pwd': 'abc1234'}
2019-11-21 11:32:19,461-INFO-================测试数据=================
        用例编号：2
        用例名称：输入错误的密码
        测试接口：/member/login
        测试数据：{'mobilephone': '15942123962', 'pwd': '12345678'}
2019-11-21 11:32:19,633-INFO-================测试数据=================
        用例编号：3
        用例名称：不输入密码
        测试接口：/member/login
        测试数据：{'mobilephone': '15942123962', 'pwd': ''}
2019-11-21 11:32:19,766-INFO-================测试数据=================
        用例编号：4
        用例名称：不输入手机号码
        测试接口：/member/login
        测试数据：{'mobilephone': '', 'pwd': 'abc1234'}
2019-11-21 11:33:44,750-INFO-================测试数据=================
        用例编号：1
        用例名称：正常登录
        测试接口：/member/login
        测试数据：{'mobilephone': '15942123962', 'pwd': 'abc1234'}
2019-11-21 11:33:44,934-INFO-================测试数据=================
        用例编号：2
        用例名称：输入错误的密码
        测试接口：/member/login
        测试数据：{'mobilephone': '15942123962', 'pwd': '12345678'}
2019-11-21 11:33:45,167-INFO-================测试数据=================
        用例编号：3
        用例名称：不输入密码
        测试接口：/member/login
        测试数据：{'mobilephone': '15942123962', 'pwd': ''}
2019-11-21 11:33:45,296-INFO-================测试数据=================
        用例编号：4
        用例名称：不输入手机号码
        测试接口：/member/login
        测试数据：{'mobilephone': '', 'pwd': 'abc1234'}
2019-11-21 11:34:35,234-INFO-================测试数据=================
        用例编号：1
        用例名称：正常登录
        测试接口：/member/login
        测试数据：{'mobilephone': '15942123962', 'pwd': 'abc1234'}
2019-11-21 11:34:35,358-INFO-================测试数据=================
        用例编号：2
        用例名称：输入错误的密码
        测试接口：/member/login
        测试数据：{'mobilephone': '15942123962', 'pwd': '12345678'}
2019-11-21 11:34:35,540-INFO-================测试数据=================
        用例编号：3
        用例名称：不输入密码
        测试接口：/member/login
        测试数据：{'mobilephone': '15942123962', 'pwd': ''}
2019-11-21 11:34:35,648-INFO-================测试数据=================
        用例编号：4
        用例名称：不输入手机号码
        测试接口：/member/login
        测试数据：{'mobilephone': '', 'pwd': 'abc1234'}
2019-11-21 11:38:37,036-INFO-================测试数据=================
        用例编号：1
        用例名称：正常登录
        测试接口：/member/login
        测试数据：{'mobilephone': '15942123962', 'pwd': 'abc1234'}
2019-11-21 11:38:37,173-INFO-================测试数据=================
        用例编号：2
        用例名称：输入错误的密码
        测试接口：/member/login
        测试数据：{'mobilephone': '15942123962', 'pwd': '12345678'}
2019-11-21 11:38:37,363-INFO-================测试数据=================
        用例编号：3
        用例名称：不输入密码
        测试接口：/member/login
        测试数据：{'mobilephone': '15942123962', 'pwd': ''}
2019-11-21 11:38:37,515-INFO-================测试数据=================
        用例编号：4
        用例名称：不输入手机号码
        测试接口：/member/login
        测试数据：{'mobilephone': '', 'pwd': 'abc1234'}
2019-11-21 11:40:32,056-INFO-================测试数据=================
        用例编号：1
        用例名称：正常登录
        测试接口：/member/login
        测试数据：{'mobilephone': '15942123962', 'pwd': 'abc1234'}
2019-11-21 11:40:32,190-INFO-================测试数据=================
        用例编号：2
        用例名称：输入错误的密码
        测试接口：/member/login
        测试数据：{'mobilephone': '15942123962', 'pwd': '12345678'}
2019-11-21 11:40:32,353-INFO-================测试数据=================
        用例编号：3
        用例名称：不输入密码
        测试接口：/member/login
        测试数据：{'mobilephone': '15942123962', 'pwd': ''}
2019-11-21 11:40:32,464-INFO-================测试数据=================
        用例编号：4
        用例名称：不输入手机号码
        测试接口：/member/login
        测试数据：{'mobilephone': '', 'pwd': 'abc1234'}
2019-11-21 11:43:26,745-INFO-================测试数据=================
        用例编号：1
        用例名称：正常登录
        测试接口：/member/login
        测试数据：{'mobilephone': '15942123962', 'pwd': 'abc1234'}
2019-11-21 11:43:26,931-INFO-用例执1行失败
2019-11-21 11:43:26,944-INFO-================测试数据=================
        用例编号：2
        用例名称：输入错误的密码
        测试接口：/member/login
        测试数据：{'mobilephone': '15942123962', 'pwd': '12345678'}
2019-11-21 11:43:27,157-INFO-================测试数据=================
        用例编号：3
        用例名称：不输入密码
        测试接口：/member/login
        测试数据：{'mobilephone': '15942123962', 'pwd': ''}
2019-11-21 11:43:27,289-INFO-用例执3行失败
2019-11-21 11:43:27,295-INFO-================测试数据=================
        用例编号：4
        用例名称：不输入手机号码
        测试接口：/member/login
        测试数据：{'mobilephone': '', 'pwd': 'abc1234'}
2019-11-21 11:43:39,525-INFO-================测试数据=================
        用例编号：1
        用例名称：正常登录
        测试接口：/member/login
        测试数据：{'mobilephone': '15942123962', 'pwd': 'abc1234'}
2019-11-21 11:43:39,651-INFO-用例执1行失败
2019-11-21 11:43:39,661-INFO-================测试数据=================
        用例编号：2
        用例名称：输入错误的密码
        测试接口：/member/login
        测试数据：{'mobilephone': '15942123962', 'pwd': '12345678'}
2019-11-21 11:43:39,852-INFO-================测试数据=================
        用例编号：3
        用例名称：不输入密码
        测试接口：/member/login
        测试数据：{'mobilephone': '15942123962', 'pwd': ''}
2019-11-21 11:43:39,982-INFO-用例执3行失败
2019-11-21 11:43:39,992-INFO-================测试数据=================
        用例编号：4
        用例名称：不输入手机号码
        测试接口：/member/login
        测试数据：{'mobilephone': '', 'pwd': 'abc1234'}
2019-11-21 11:45:12,985-INFO-================测试数据=================
        用例编号：1
        用例名称：正常登录
        测试接口：/member/login
        测试数据：{"mobilephone":"15942123962","pwd":"abc1234"}
2019-11-21 11:45:13,118-INFO-用例执1行失败
2019-11-21 11:45:13,132-INFO-================测试数据=================
        用例编号：2
        用例名称：输入错误的密码
        测试接口：/member/login
        测试数据：{"mobilephone":"15942123962","pwd":"12345678"}
2019-11-21 11:45:13,284-INFO-用例执2行失败
2019-11-21 11:45:13,289-INFO-================测试数据=================
        用例编号：3
        用例名称：不输入密码
        测试接口：/member/login
        测试数据：{"mobilephone":"15942123962","pwd":""}
2019-11-21 11:45:13,416-INFO-用例执3行失败
2019-11-21 11:45:13,421-INFO-================测试数据=================
        用例编号：4
        用例名称：不输入手机号码
        测试接口：/member/login
        测试数据：{"mobilephone":"","pwd":"abc1234"}
2019-11-21 11:46:22,644-INFO-================测试数据=================
        用例编号：1
        用例名称：正常登录
        测试接口：/member/login
        测试数据：{"mobilephone":"15942123962","pwd":"abc1234"}
2019-11-21 11:46:22,764-INFO-用例执1行失败
2019-11-21 11:46:22,927-INFO-================测试数据=================
        用例编号：2
        用例名称：输入错误的密码
        测试接口：/member/login
        测试数据：{"mobilephone":"15942123962","pwd":"12345678"}
2019-11-21 11:46:23,046-INFO-用例执2行失败
2019-11-21 11:46:23,122-INFO-================测试数据=================
        用例编号：3
        用例名称：不输入密码
        测试接口：/member/login
        测试数据：{"mobilephone":"15942123962","pwd":""}
2019-11-21 11:46:23,226-INFO-用例执3行失败
2019-11-21 11:46:23,282-INFO-================测试数据=================
        用例编号：4
        用例名称：不输入手机号码
        测试接口：/member/login
        测试数据：{"mobilephone":"","pwd":"abc1234"}
2019-11-21 13:16:00,459-INFO-================测试数据=================
        用例编号：1
        用例名称：正常登录
        测试接口：/member/login
        测试数据：{"mobilephone":"15942123962","pwd":"abc1234"}
2019-11-21 13:16:00,636-INFO-用例执1行失败
2019-11-21 13:16:00,697-INFO-================测试数据=================
        用例编号：2
        用例名称：输入错误的密码
        测试接口：/member/login
        测试数据：{"mobilephone":"15942123962","pwd":"12345678"}
2019-11-21 13:16:00,813-INFO-用例执2行失败
2019-11-21 13:16:00,821-INFO-================测试数据=================
        用例编号：3
        用例名称：不输入密码
        测试接口：/member/login
        测试数据：{"mobilephone":"15942123962","pwd":""}
2019-11-21 13:16:00,968-INFO-用例执3行失败
2019-11-21 13:16:00,984-INFO-================测试数据=================
        用例编号：4
        用例名称：不输入手机号码
        测试接口：/member/login
        测试数据：{"mobilephone":"","pwd":"abc1234"}
2019-11-21 13:17:21,164-INFO-================测试数据=================
        用例编号：1
        用例名称：正常登录
        测试接口：/member/login
        测试数据：{"mobilephone":"15942123962","pwd":"abc1234"}
2019-11-21 13:17:21,287-INFO-用例执1行失败
2019-11-21 13:17:21,353-INFO-================测试数据=================
        用例编号：2
        用例名称：输入错误的密码
        测试接口：/member/login
        测试数据：{"mobilephone":"15942123962","pwd":"12345678"}
2019-11-21 13:17:21,499-INFO-用例执2行失败
2019-11-21 13:17:21,553-INFO-================测试数据=================
        用例编号：3
        用例名称：不输入密码
        测试接口：/member/login
        测试数据：{"mobilephone":"15942123962","pwd":""}
2019-11-21 13:17:21,683-INFO-用例执3行失败
2019-11-21 13:17:21,738-INFO-================测试数据=================
        用例编号：4
        用例名称：不输入手机号码
        测试接口：/member/login
        测试数据：{"mobilephone":"","pwd":"abc1234"}
2019-11-21 13:18:13,650-INFO-================测试数据=================
        用例编号：1
        用例名称：正常登录
        测试接口：/member/login
        测试数据：{'mobilephone': '15942123962', 'pwd': 'abc1234'}
2019-11-21 13:18:13,934-INFO-================测试数据=================
        用例编号：2
        用例名称：输入错误的密码
        测试接口：/member/login
        测试数据：{'mobilephone': '15942123962', 'pwd': '12345678'}
2019-11-21 13:18:14,193-INFO-================测试数据=================
        用例编号：3
        用例名称：不输入密码
        测试接口：/member/login
        测试数据：{'mobilephone': '15942123962', 'pwd': ''}
2019-11-21 13:18:14,382-INFO-================测试数据=================
        用例编号：4
        用例名称：不输入手机号码
        测试接口：/member/login
        测试数据：{'mobilephone': '', 'pwd': 'abc1234'}
2019-11-21 13:28:53,547-INFO-================测试数据=================
        用例编号：1
        用例名称：正常登录
        测试接口：/member/login
        测试数据：{'mobilephone': '15942123962', 'pwd': 'abc1234'}
2019-11-21 13:28:53,800-INFO-用例执1行通过
2019-11-21 13:28:53,859-INFO-================测试数据=================
        用例编号：2
        用例名称：输入错误的密码
        测试接口：/member/login
        测试数据：{'mobilephone': '15942123962', 'pwd': '12345678'}
2019-11-21 13:28:54,045-INFO-用例执2行通过
2019-11-21 13:28:54,121-INFO-================测试数据=================
        用例编号：3
        用例名称：不输入密码
        测试接口：/member/login
        测试数据：{'mobilephone': '15942123962', 'pwd': ''}
2019-11-21 13:28:54,223-INFO-用例执3行通过
2019-11-21 13:28:54,292-INFO-================测试数据=================
        用例编号：4
        用例名称：不输入手机号码
        测试接口：/member/login
        测试数据：{'mobilephone': '', 'pwd': 'abc1234'}
2019-11-21 13:28:54,401-INFO-用例执4行通过
2019-11-21 13:29:39,596-INFO-================测试数据=================
        用例编号：1
        用例名称：正常登录
        测试接口：/member/login
        测试数据：{'mobilephone': '15942123962', 'pwd': 'abc1234'}
2019-11-21 13:29:39,793-INFO-用例执1行通过
2019-11-21 13:29:39,850-INFO-================测试数据=================
        用例编号：2
        用例名称：输入错误的密码
        测试接口：/member/login
        测试数据：{'mobilephone': '15942123962', 'pwd': '12345678'}
2019-11-21 13:29:40,074-INFO-用例执2行通过
2019-11-21 13:29:40,130-INFO-================测试数据=================
        用例编号：3
        用例名称：不输入密码
        测试接口：/member/login
        测试数据：{'mobilephone': '15942123962', 'pwd': ''}
2019-11-21 13:29:40,249-INFO-用例执3行通过
2019-11-21 13:29:40,331-INFO-================测试数据=================
        用例编号：4
        用例名称：不输入手机号码
        测试接口：/member/login
        测试数据：{'mobilephone': '', 'pwd': 'abc1234'}
2019-11-21 13:29:40,441-INFO-用例执4行通过
2019-11-21 13:33:31,026-INFO-================测试数据=================
        用例编号：1
        用例名称：正常登录
        测试接口：/member/login
        测试数据：{'mobilephone': '15942123962', 'pwd': 'abc1234'}
2019-11-21 13:33:31,230-INFO-用例执1行通过
2019-11-21 13:33:31,316-INFO-================测试数据=================
        用例编号：2
        用例名称：输入错误的密码
        测试接口：/member/login
        测试数据：{'mobilephone': '15942123962', 'pwd': '12345678'}
2019-11-21 13:33:31,507-INFO-用例执2行通过
2019-11-21 13:33:31,577-INFO-================测试数据=================
        用例编号：3
        用例名称：不输入密码
        测试接口：/member/login
        测试数据：{'mobilephone': '15942123962', 'pwd': ''}
2019-11-21 13:33:31,714-INFO-用例执3行通过
2019-11-21 13:33:31,788-INFO-================测试数据=================
        用例编号：4
        用例名称：不输入手机号码
        测试接口：/member/login
        测试数据：{'mobilephone': '', 'pwd': 'abc1234'}
2019-11-21 13:33:31,910-INFO-用例执4行通过
2019-11-21 13:55:44,494-INFO-================测试数据=================
                用例编号：1
                用例名称：正常充值
                测试接口：/member/recharge
                测试数据：{'mobilephone': '15942123962', 'amount': '1'}
2019-11-21 13:55:44,495-INFO-================测试数据=================
                用例编号：2
                用例名称：充值手机号码不存在
                测试接口：/member/recharge
                测试数据：{'mobilephone': '12345678985', 'amount': ''}
2019-11-21 13:55:44,496-INFO-================测试数据=================
                用例编号：3
                用例名称：充值金额小数点大于两位
                测试接口：/member/recharge
                测试数据：{'mobilephone': '15810447656', 'amount': '33.2222'}
2019-11-21 14:18:44,064-INFO-================测试数据=================
        用例编号：1
        用例名称：正常登录
        测试接口：/member/login
        测试数据：{'mobilephone': '15942123962', 'pwd': 'abc1234'}
2019-11-21 14:18:44,439-INFO-================测试数据=================
        用例编号：2
        用例名称：输入错误的密码
        测试接口：/member/login
        测试数据：{'mobilephone': '15942123962', 'pwd': '12345678'}
2019-11-21 14:18:44,638-INFO-================测试数据=================
        用例编号：3
        用例名称：不输入密码
        测试接口：/member/login
        测试数据：{'mobilephone': '15942123962', 'pwd': ''}
2019-11-21 14:18:44,835-INFO-================测试数据=================
        用例编号：4
        用例名称：不输入手机号码
        测试接口：/member/login
        测试数据：{'mobilephone': '', 'pwd': 'abc1234'}
2019-11-21 14:18:44,972-INFO-================测试数据=================
                用例编号：1
                用例名称：正常充值
                测试接口：/member/recharge
                测试数据：{'mobilephone': '15942123962', 'amount': '1'}
2019-11-21 14:18:44,974-INFO-================测试数据=================
                用例编号：2
                用例名称：充值手机号码不存在
                测试接口：/member/recharge
                测试数据：{'mobilephone': '12345678985', 'amount': ''}
2019-11-21 14:18:44,976-INFO-================测试数据=================
                用例编号：3
                用例名称：充值金额小数点大于两位
                测试接口：/member/recharge
                测试数据：{'mobilephone': '15810447656', 'amount': '33.2222'}
2019-11-21 14:20:50,865-INFO-================测试数据=================
        用例编号：1
        用例名称：正常登录
        测试接口：/member/login
        测试数据：{'mobilephone': '15942123962', 'pwd': 'abc1234'}
2019-11-21 14:20:51,100-INFO-================测试数据=================
        用例编号：2
        用例名称：输入错误的密码
        测试接口：/member/login
        测试数据：{'mobilephone': '15942123962', 'pwd': '12345678'}
2019-11-21 14:20:51,284-INFO-================测试数据=================
        用例编号：3
        用例名称：不输入密码
        测试接口：/member/login
        测试数据：{'mobilephone': '15942123962', 'pwd': ''}
2019-11-21 14:20:51,424-INFO-================测试数据=================
        用例编号：4
        用例名称：不输入手机号码
        测试接口：/member/login
        测试数据：{'mobilephone': '', 'pwd': 'abc1234'}
2019-11-21 14:23:30,420-INFO-================测试数据=================
        用例编号：1
        用例名称：正常登录
        测试接口：/member/login
        测试数据：{'mobilephone': '15942123962', 'pwd': 'abc1234'}
2019-11-21 14:23:30,659-INFO-用例执1行通过
2019-11-21 14:23:30,720-INFO-================测试数据=================
        用例编号：2
        用例名称：输入错误的密码
        测试接口：/member/login
        测试数据：{'mobilephone': '15942123962', 'pwd': '12345678'}
2019-11-21 14:23:30,899-INFO-用例执2行通过
2019-11-21 14:23:30,985-INFO-================测试数据=================
        用例编号：3
        用例名称：不输入密码
        测试接口：/member/login
        测试数据：{'mobilephone': '15942123962', 'pwd': ''}
2019-11-21 14:23:31,124-INFO-用例执3行通过
2019-11-21 14:23:31,212-INFO-================测试数据=================
        用例编号：4
        用例名称：不输入手机号码
        测试接口：/member/login
        测试数据：{'mobilephone': '', 'pwd': 'abc1234'}
2019-11-21 14:23:31,395-INFO-用例执4行通过
2019-11-21 14:23:31,453-INFO-================测试数据=================
                用例编号：1
                用例名称：正常充值
                测试接口：/member/recharge
                测试数据：{'mobilephone': '15942123962', 'amount': '1'}
2019-11-21 14:23:31,825-INFO-用例1执行失败
2019-11-21 14:23:31,885-INFO-================测试数据=================
                用例编号：2
                用例名称：充值手机号码不存在
                测试接口：/member/recharge
                测试数据：{'mobilephone': '12345678985', 'amount': ''}
2019-11-21 14:23:31,990-INFO-用例2执行失败
2019-11-21 14:23:32,063-INFO-================测试数据=================
                用例编号：3
                用例名称：充值金额小数点大于两位
                测试接口：/member/recharge
                测试数据：{'mobilephone': '15810447656', 'amount': '33.2222'}
2019-11-21 14:23:32,201-INFO-用例3执行失败
2019-11-21 14:26:47,643-INFO-================测试数据=================
        用例编号：1
        用例名称：正常登录
        测试接口：/member/login
        测试数据：{'mobilephone': '15942123962', 'pwd': 'abc1234'}
2019-11-21 14:26:47,832-INFO-用例执1行通过
2019-11-21 14:26:47,848-INFO-================测试数据=================
        用例编号：2
        用例名称：输入错误的密码
        测试接口：/member/login
        测试数据：{'mobilephone': '15942123962', 'pwd': '12345678'}
2019-11-21 14:26:48,033-INFO-用例执2行通过
2019-11-21 14:26:48,037-INFO-================测试数据=================
        用例编号：3
        用例名称：不输入密码
        测试接口：/member/login
        测试数据：{'mobilephone': '15942123962', 'pwd': ''}
2019-11-21 14:26:48,148-INFO-用例执3行通过
2019-11-21 14:26:48,152-INFO-================测试数据=================
        用例编号：4
        用例名称：不输入手机号码
        测试接口：/member/login
        测试数据：{'mobilephone': '', 'pwd': 'abc1234'}
2019-11-21 14:26:48,276-INFO-用例执4行通过
2019-11-21 14:26:48,284-INFO-================测试数据=================
                用例编号：1
                用例名称：正常充值
                测试接口：/member/recharge
                测试数据：{'mobilephone': '15942123962', 'amount': '1'}
2019-11-21 14:26:48,649-INFO-用例1执行失败
2019-11-21 14:26:48,656-INFO-================测试数据=================
                用例编号：2
                用例名称：充值手机号码不存在
                测试接口：/member/recharge
                测试数据：{'mobilephone': '12345678985', 'amount': ''}
2019-11-21 14:26:48,786-INFO-用例2执行失败
2019-11-21 14:26:48,795-INFO-================测试数据=================
                用例编号：3
                用例名称：充值金额小数点大于两位
                测试接口：/member/recharge
                测试数据：{'mobilephone': '15810447656', 'amount': '33.2222'}
2019-11-21 14:26:48,940-INFO-用例3执行失败
2019-11-21 14:27:45,461-INFO-================测试数据=================
        用例编号：1
        用例名称：正常登录
        测试接口：/member/login
        测试数据：{'mobilephone': '15942123962', 'pwd': 'abc1234'}
2019-11-21 14:27:45,646-INFO-用例执1行通过
2019-11-21 14:27:45,731-INFO-================测试数据=================
        用例编号：2
        用例名称：输入错误的密码
        测试接口：/member/login
        测试数据：{'mobilephone': '15942123962', 'pwd': '12345678'}
2019-11-21 14:27:45,914-INFO-用例执2行通过
2019-11-21 14:27:46,003-INFO-================测试数据=================
        用例编号：3
        用例名称：不输入密码
        测试接口：/member/login
        测试数据：{'mobilephone': '15942123962', 'pwd': ''}
2019-11-21 14:27:46,134-INFO-用例执3行通过
2019-11-21 14:27:46,206-INFO-================测试数据=================
        用例编号：4
        用例名称：不输入手机号码
        测试接口：/member/login
        测试数据：{'mobilephone': '', 'pwd': 'abc1234'}
2019-11-21 14:27:46,330-INFO-用例执4行通过
2019-11-21 14:27:46,373-INFO-================测试数据=================
                用例编号：1
                用例名称：正常充值
                测试接口：/member/recharge
                测试数据：{'mobilephone': '15942123962', 'amount': '1'}
2019-11-21 14:27:46,708-INFO-用例1执行失败
2019-11-21 14:27:46,786-INFO-================测试数据=================
                用例编号：2
                用例名称：充值手机号码不存在
                测试接口：/member/recharge
                测试数据：{'mobilephone': '12345678985', 'amount': ''}
2019-11-21 14:27:46,979-INFO-用例2执行失败
2019-11-21 14:27:47,036-INFO-================测试数据=================
                用例编号：3
                用例名称：充值金额小数点大于两位
                测试接口：/member/recharge
                测试数据：{'mobilephone': '15810447656', 'amount': '33.2222'}
2019-11-21 14:27:47,148-INFO-用例3执行失败
2019-11-21 14:28:49,928-INFO-================测试数据=================
        用例编号：1
        用例名称：正常登录
        测试接口：/member/login
        测试数据：{'mobilephone': '15942123962', 'pwd': 'abc1234'}
2019-11-21 14:28:50,132-INFO-用例执1行通过
2019-11-21 14:28:50,238-INFO-================测试数据=================
        用例编号：2
        用例名称：输入错误的密码
        测试接口：/member/login
        测试数据：{'mobilephone': '15942123962', 'pwd': '12345678'}
2019-11-21 14:28:50,425-INFO-用例执2行通过
2019-11-21 14:28:50,504-INFO-================测试数据=================
        用例编号：3
        用例名称：不输入密码
        测试接口：/member/login
        测试数据：{'mobilephone': '15942123962', 'pwd': ''}
2019-11-21 14:28:50,659-INFO-用例执3行通过
2019-11-21 14:28:50,744-INFO-================测试数据=================
        用例编号：4
        用例名称：不输入手机号码
        测试接口：/member/login
        测试数据：{'mobilephone': '', 'pwd': 'abc1234'}
2019-11-21 14:28:50,929-INFO-用例执4行通过
2019-11-21 14:28:50,993-INFO-================测试数据=================
                用例编号：1
                用例名称：正常充值
                测试接口：/member/recharge
                测试数据：{'mobilephone': '15942123962', 'amount': '1'}
2019-11-21 14:28:51,373-INFO-用例1执行通过
2019-11-21 14:28:51,459-INFO-================测试数据=================
                用例编号：2
                用例名称：充值手机号码不存在
                测试接口：/member/recharge
                测试数据：{'mobilephone': '12345678985', 'amount': ''}
2019-11-21 14:28:51,612-INFO-用例2执行通过
2019-11-21 14:28:51,680-INFO-================测试数据=================
                用例编号：3
                用例名称：充值金额小数点大于两位
                测试接口：/member/recharge
                测试数据：{'mobilephone': '15810447656', 'amount': '33.2222'}
2019-11-21 14:28:51,783-INFO-用例3执行通过
