2019-11-22 14:07:26,026-INFO-================测试数据=================
                用例编号：1
                用例名称：正常充值
                测试接口：/member/recharge
                测试数据：{'mobilephone': '15942123962', 'amount': '1'}
2019-11-22 14:07:26,098-INFO-================测试数据=================
                用例编号：2
                用例名称：充值手机号码不存在
                测试接口：/member/recharge
                测试数据：{'mobilephone': '12345678985', 'amount': ''}
2019-11-22 14:07:26,102-INFO-================测试数据=================
                用例编号：3
                用例名称：充值金额小数点大于两位
                测试接口：/member/recharge
                测试数据：{'mobilephone': '15810447656', 'amount': '33.2222'}
2019-11-22 14:07:53,354-INFO-================测试数据=================
        用例编号：1
        用例名称：正常登录
        测试接口：/member/login
        测试数据：{'mobilephone': '15942123962', 'pwd': 'abc1234'}
2019-11-22 14:07:53,607-INFO-用例执1行通过
2019-11-22 14:07:53,714-INFO-================测试数据=================
        用例编号：2
        用例名称：输入错误的密码
        测试接口：/member/login
        测试数据：{'mobilephone': '15942123962', 'pwd': '12345678'}
2019-11-22 14:07:53,991-INFO-用例执2行通过
2019-11-22 14:07:54,084-INFO-================测试数据=================
        用例编号：3
        用例名称：不输入密码
        测试接口：/member/login
        测试数据：{'mobilephone': '15942123962', 'pwd': ''}
2019-11-22 14:07:57,233-INFO-用例执3行通过
2019-11-22 14:07:57,285-INFO-================测试数据=================
        用例编号：4
        用例名称：不输入手机号码
        测试接口：/member/login
        测试数据：{'mobilephone': '', 'pwd': 'abc1234'}
2019-11-22 14:07:57,501-INFO-用例执4行通过
2019-11-22 14:07:57,582-INFO-================测试数据=================
                用例编号：1
                用例名称：正常充值
                测试接口：/member/recharge
                测试数据：{'mobilephone': '15942123962', 'amount': '1'}
2019-11-22 14:07:57,959-INFO-用例1执行通过
2019-11-22 14:07:58,001-INFO-================测试数据=================
                用例编号：2
                用例名称：充值手机号码不存在
                测试接口：/member/recharge
                测试数据：{'mobilephone': '12345678985', 'amount': ''}
2019-11-22 14:07:58,215-INFO-用例2执行通过
2019-11-22 14:07:58,282-INFO-================测试数据=================
                用例编号：3
                用例名称：充值金额小数点大于两位
                测试接口：/member/recharge
                测试数据：{'mobilephone': '15810447656', 'amount': '33.2222'}
2019-11-22 14:07:58,400-INFO-用例3执行通过
2019-11-22 14:27:56,515-INFO-================测试数据=================
        用例编号：1
        用例名称：正常登录
        测试接口：/member/login
        测试数据：{'mobilephone': '15942123962', 'pwd': 'abc1234'}
2019-11-22 14:27:56,830-INFO-用例执1行通过
2019-11-22 14:27:56,897-INFO-================测试数据=================
        用例编号：2
        用例名称：输入错误的密码
        测试接口：/member/login
        测试数据：{'mobilephone': '15942123962', 'pwd': '12345678'}
2019-11-22 14:27:57,085-INFO-用例执2行通过
2019-11-22 14:27:57,160-INFO-================测试数据=================
        用例编号：3
        用例名称：不输入密码
        测试接口：/member/login
        测试数据：{'mobilephone': '15942123962', 'pwd': ''}
2019-11-22 14:27:57,356-INFO-用例执3行通过
2019-11-22 14:27:57,413-INFO-================测试数据=================
        用例编号：4
        用例名称：不输入手机号码
        测试接口：/member/login
        测试数据：{'mobilephone': '', 'pwd': 'abc1234'}
2019-11-22 14:27:57,534-INFO-用例执4行通过
2019-11-22 14:27:57,621-INFO-================测试数据=================
                用例编号：1
                用例名称：正常充值
                测试接口：/member/recharge
                测试数据：{'mobilephone': '15942123962', 'amount': '1'}
2019-11-22 14:27:57,986-INFO-用例1执行通过
2019-11-22 14:27:58,049-INFO-================测试数据=================
                用例编号：2
                用例名称：充值手机号码不存在
                测试接口：/member/recharge
                测试数据：{'mobilephone': '12345678985', 'amount': ''}
2019-11-22 14:27:58,159-INFO-用例2执行通过
2019-11-22 14:27:58,211-INFO-================测试数据=================
                用例编号：3
                用例名称：充值金额小数点大于两位
                测试接口：/member/recharge
                测试数据：{'mobilephone': '15810447656', 'amount': '33.2222'}
2019-11-22 14:27:58,554-INFO-用例3执行通过
